<?xml version="1.0" encoding="UTF-8"?>
<coverage generated="1747176868597" clover="3.2.0">
  <project timestamp="1747176868597" name="All files">
    <metrics statements="71" coveredstatements="51" conditionals="21" coveredconditionals="16" methods="12" coveredmethods="9" elements="104" coveredelements="76" complexity="0" loc="71" ncloc="71" packages="1" files="1" classes="1"/>
    <file name="UserService.ts" path="C:\Projeto_Testes\EricTech\BackEnd\src\domain\services\UserService.ts">
      <metrics statements="71" coveredstatements="51" conditionals="21" coveredconditionals="16" methods="12" coveredmethods="9"/>
      <line num="1" count="1" type="stmt"/>
      <line num="2" count="1" type="stmt"/>
      <line num="6" count="1" type="stmt"/>
      <line num="7" count="1" type="stmt"/>
      <line num="9" count="1" type="stmt"/>
      <line num="10" count="21" type="stmt"/>
      <line num="14" count="0" type="cond" truecount="0" falsecount="1"/>
      <line num="15" count="0" type="stmt"/>
      <line num="17" count="0" type="stmt"/>
      <line num="21" count="0" type="stmt"/>
      <line num="23" count="0" type="stmt"/>
      <line num="26" count="0" type="stmt"/>
      <line num="29" count="0" type="stmt"/>
      <line num="31" count="0" type="stmt"/>
      <line num="32" count="0" type="stmt"/>
      <line num="37" count="0" type="stmt"/>
      <line num="39" count="0" type="stmt"/>
      <line num="42" count="0" type="stmt"/>
      <line num="45" count="0" type="stmt"/>
      <line num="47" count="0" type="stmt"/>
      <line num="49" count="0" type="stmt"/>
      <line num="50" count="0" type="stmt"/>
      <line num="55" count="3" type="stmt"/>
      <line num="59" count="3" type="stmt"/>
      <line num="70" count="3" type="stmt"/>
      <line num="77" count="3" type="stmt"/>
      <line num="78" count="3" type="cond" truecount="1" falsecount="0"/>
      <line num="79" count="1" type="stmt"/>
      <line num="83" count="2" type="stmt"/>
      <line num="84" count="2" type="cond" truecount="1" falsecount="0"/>
      <line num="85" count="1" type="stmt"/>
      <line num="88" count="1" type="stmt"/>
      <line num="91" count="1" type="stmt"/>
      <line num="92" count="1" type="cond" truecount="0" falsecount="1"/>
      <line num="93" count="0" type="stmt"/>
      <line num="96" count="1" type="stmt"/>
      <line num="104" count="1" type="stmt"/>
      <line num="108" count="2" type="cond" truecount="2" falsecount="1"/>
      <line num="109" count="0" type="stmt"/>
      <line num="113" count="2" type="stmt"/>
      <line num="114" count="2" type="stmt"/>
      <line num="115" count="2" type="cond" truecount="1" falsecount="0"/>
      <line num="116" count="1" type="stmt"/>
      <line num="119" count="1" type="stmt"/>
      <line num="120" count="1" type="cond" truecount="0" falsecount="1"/>
      <line num="121" count="0" type="stmt"/>
      <line num="124" count="1" type="cond" truecount="2" falsecount="0"/>
      <line num="125" count="1" type="cond" truecount="2" falsecount="0"/>
      <line num="127" count="1" type="stmt"/>
      <line num="134" count="1" type="stmt"/>
      <line num="144" count="1" type="stmt"/>
      <line num="148" count="2" type="stmt"/>
      <line num="152" count="4" type="stmt"/>
      <line num="153" count="4" type="cond" truecount="1" falsecount="0"/>
      <line num="154" count="1" type="stmt"/>
      <line num="157" count="3" type="cond" truecount="1" falsecount="0"/>
      <line num="158" count="1" type="stmt"/>
      <line num="159" count="1" type="cond" truecount="3" falsecount="0"/>
      <line num="160" count="1" type="stmt"/>
      <line num="164" count="2" type="cond" truecount="1" falsecount="0"/>
      <line num="165" count="1" type="stmt"/>
      <line num="169" count="2" type="cond" truecount="0" falsecount="1"/>
      <line num="170" count="0" type="stmt"/>
      <line num="174" count="2" type="stmt"/>
      <line num="176" count="2" type="stmt"/>
      <line num="180" count="2" type="stmt"/>
      <line num="181" count="2" type="cond" truecount="1" falsecount="0"/>
      <line num="182" count="1" type="stmt"/>
      <line num="185" count="1" type="stmt"/>
      <line num="189" count="2" type="stmt"/>
      <line num="191" count="2" type="stmt"/>
    </file>
  </project>
</coverage>
