{"C:\\Projeto_Testes\\EricTech\\BackEnd\\src\\domain\\entities\\Cryptocurrency.ts": {"path":"C:\\Projeto_Testes\\EricTech\\BackEnd\\src\\domain\\entities\\Cryptocurrency.ts","statementMap":{"0":{"start":{"line":1,"column":0},"end":{"line":1,"column":101}},"1":{"start":{"line":4,"column":7},"end":{"line":31,"column":null}},"2":{"start":{"line":4,"column":13},"end":{"line":4,"column":27}},"3":{"start":{"line":6,"column":2},"end":{"line":6,"column":null}},"4":{"start":{"line":9,"column":2},"end":{"line":9,"column":null}},"5":{"start":{"line":12,"column":2},"end":{"line":12,"column":null}},"6":{"start":{"line":15,"column":2},"end":{"line":15,"column":null}},"7":{"start":{"line":18,"column":2},"end":{"line":18,"column":null}},"8":{"start":{"line":21,"column":2},"end":{"line":21,"column":null}},"9":{"start":{"line":24,"column":2},"end":{"line":24,"column":null}},"10":{"start":{"line":27,"column":2},"end":{"line":27,"column":null}},"11":{"start":{"line":30,"column":2},"end":{"line":30,"column":null}},"12":{"start":{"line":4,"column":13},"end":{"line":31,"column":null}}},"fnMap":{},"branchMap":{},"s":{"0":1,"1":1,"2":1,"3":1,"4":1,"5":1,"6":1,"7":1,"8":1,"9":1,"10":1,"11":1,"12":1},"f":{},"b":{}}
,"C:\\Projeto_Testes\\EricTech\\BackEnd\\src\\domain\\entities\\User.ts": {"path":"C:\\Projeto_Testes\\EricTech\\BackEnd\\src\\domain\\entities\\User.ts","statementMap":{"0":{"start":{"line":1,"column":0},"end":{"line":1,"column":125}},"1":{"start":{"line":4,"column":7},"end":{"line":30,"column":null}},"2":{"start":{"line":4,"column":13},"end":{"line":4,"column":17}},"3":{"start":{"line":6,"column":2},"end":{"line":6,"column":null}},"4":{"start":{"line":8,"column":2},"end":{"line":8,"column":null}},"5":{"start":{"line":11,"column":2},"end":{"line":11,"column":null}},"6":{"start":{"line":14,"column":2},"end":{"line":14,"column":null}},"7":{"start":{"line":17,"column":2},"end":{"line":17,"column":null}},"8":{"start":{"line":20,"column":2},"end":{"line":20,"column":null}},"9":{"start":{"line":23,"column":2},"end":{"line":23,"column":null}},"10":{"start":{"line":26,"column":2},"end":{"line":26,"column":null}},"11":{"start":{"line":29,"column":2},"end":{"line":29,"column":null}},"12":{"start":{"line":4,"column":13},"end":{"line":30,"column":null}}},"fnMap":{},"branchMap":{},"s":{"0":1,"1":1,"2":1,"3":1,"4":1,"5":1,"6":1,"7":1,"8":1,"9":1,"10":1,"11":1,"12":1},"f":{},"b":{}}
,"C:\\Projeto_Testes\\EricTech\\BackEnd\\src\\domain\\services\\UserService.ts": {"path":"C:\\Projeto_Testes\\EricTech\\BackEnd\\src\\domain\\services\\UserService.ts","statementMap":{"0":{"start":{"line":1,"column":0},"end":{"line":1,"column":41}},"1":{"start":{"line":2,"column":0},"end":{"line":2,"column":36}},"2":{"start":{"line":6,"column":0},"end":{"line":6,"column":25}},"3":{"start":{"line":7,"column":0},"end":{"line":7,"column":29}},"4":{"start":{"line":10,"column":22},"end":{"line":10,"column":53}},"5":{"start":{"line":14,"column":4},"end":{"line":16,"column":5}},"6":{"start":{"line":15,"column":6},"end":{"line":15,"column":44}},"7":{"start":{"line":17,"column":4},"end":{"line":17,"column":22}},"8":{"start":{"line":21,"column":4},"end":{"line":33,"column":5}},"9":{"start":{"line":23,"column":29},"end":{"line":23,"column":54}},"10":{"start":{"line":26,"column":26},"end":{"line":26,"column":68}},"11":{"start":{"line":29,"column":6},"end":{"line":29,"column":44}},"12":{"start":{"line":31,"column":26},"end":{"line":31,"column":125}},"13":{"start":{"line":32,"column":6},"end":{"line":32,"column":62}},"14":{"start":{"line":37,"column":4},"end":{"line":51,"column":5}},"15":{"start":{"line":39,"column":26},"end":{"line":39,"column":68}},"16":{"start":{"line":42,"column":27},"end":{"line":42,"column":57}},"17":{"start":{"line":45,"column":6},"end":{"line":45,"column":47}},"18":{"start":{"line":47,"column":6},"end":{"line":47,"column":26}},"19":{"start":{"line":49,"column":26},"end":{"line":49,"column":113}},"20":{"start":{"line":50,"column":6},"end":{"line":50,"column":50}},"21":{"start":{"line":55,"column":4},"end":{"line":55,"column":62}},"22":{"start":{"line":59,"column":4},"end":{"line":59,"column":64}},"23":{"start":{"line":70,"column":28},"end":{"line":73,"column":null}},"24":{"start":{"line":77,"column":31},"end":{"line":77,"column":92}},"25":{"start":{"line":78,"column":4},"end":{"line":80,"column":5}},"26":{"start":{"line":79,"column":6},"end":{"line":79,"column":52}},"27":{"start":{"line":83,"column":32},"end":{"line":83,"column":95}},"28":{"start":{"line":84,"column":4},"end":{"line":86,"column":5}},"29":{"start":{"line":85,"column":6},"end":{"line":85,"column":52}},"30":{"start":{"line":88,"column":27},"end":{"line":88,"column":69}},"31":{"start":{"line":91,"column":22},"end":{"line":91,"column":31}},"32":{"start":{"line":92,"column":4},"end":{"line":94,"column":5}},"33":{"start":{"line":93,"column":6},"end":{"line":93,"column":78}},"34":{"start":{"line":96,"column":17},"end":{"line":102,"column":14}},"35":{"start":{"line":104,"column":4},"end":{"line":104,"column":16}},"36":{"start":{"line":108,"column":4},"end":{"line":110,"column":5}},"37":{"start":{"line":109,"column":6},"end":{"line":109,"column":56}},"38":{"start":{"line":113,"column":28},"end":{"line":113,"column":47}},"39":{"start":{"line":114,"column":17},"end":{"line":114,"column":71}},"40":{"start":{"line":115,"column":4},"end":{"line":117,"column":5}},"41":{"start":{"line":116,"column":6},"end":{"line":116,"column":46}},"42":{"start":{"line":119,"column":26},"end":{"line":119,"column":64}},"43":{"start":{"line":120,"column":4},"end":{"line":122,"column":5}},"44":{"start":{"line":121,"column":6},"end":{"line":121,"column":45}},"45":{"start":{"line":124,"column":19},"end":{"line":124,"column":54}},"46":{"start":{"line":125,"column":22},"end":{"line":125,"column":56}},"47":{"start":{"line":127,"column":18},"end":{"line":130,"column":null}},"48":{"start":{"line":134,"column":25},"end":{"line":142,"column":6}},"49":{"start":{"line":144,"column":4},"end":{"line":144,"column":49}},"50":{"start":{"line":148,"column":4},"end":{"line":148,"column":44}},"51":{"start":{"line":152,"column":17},"end":{"line":152,"column":55}},"52":{"start":{"line":153,"column":4},"end":{"line":155,"column":5}},"53":{"start":{"line":154,"column":6},"end":{"line":154,"column":40}},"54":{"start":{"line":157,"column":4},"end":{"line":162,"column":5}},"55":{"start":{"line":158,"column":27},"end":{"line":158,"column":80}},"56":{"start":{"line":159,"column":6},"end":{"line":161,"column":7}},"57":{"start":{"line":160,"column":8},"end":{"line":160,"column":48}},"58":{"start":{"line":164,"column":4},"end":{"line":166,"column":5}},"59":{"start":{"line":165,"column":6},"end":{"line":165,"column":59}},"60":{"start":{"line":169,"column":4},"end":{"line":171,"column":5}},"61":{"start":{"line":170,"column":6},"end":{"line":170,"column":74}},"62":{"start":{"line":174,"column":47},"end":{"line":174,"column":55}},"63":{"start":{"line":174,"column":42},"end":{"line":174,"column":47}},"64":{"start":{"line":176,"column":4},"end":{"line":176,"column":60}},"65":{"start":{"line":180,"column":17},"end":{"line":180,"column":55}},"66":{"start":{"line":181,"column":4},"end":{"line":183,"column":5}},"67":{"start":{"line":182,"column":6},"end":{"line":182,"column":40}},"68":{"start":{"line":185,"column":4},"end":{"line":185,"column":41}},"69":{"start":{"line":189,"column":18},"end":{"line":189,"column":50}},"70":{"start":{"line":191,"column":4},"end":{"line":191,"column":17}},"71":{"start":{"line":9,"column":0},"end":{"line":9,"column":13}},"72":{"start":{"line":200,"column":85},"end":{"line":200,"column":40398}},"73":{"start":{"line":200,"column":89},"end":{"line":200,"column":40387}},"74":{"start":{"line":200,"column":40513},"end":{"line":200,"column":40519}},"75":{"start":{"line":200,"column":40634},"end":{"line":200,"column":40640}},"76":{"start":{"line":200,"column":40755},"end":{"line":200,"column":40761}},"77":{"start":{"line":200,"column":40880},"end":{"line":200,"column":40886}},"78":{"start":{"line":200,"column":41030},"end":{"line":200,"column":41036}}},"fnMap":{"0":{"name":"(anonymous_10)","decl":{"start":{"line":10,"column":2},"end":{"line":10,"column":22}},"loc":{"start":{"line":10,"column":53},"end":{"line":10,"column":57}}},"1":{"name":"(anonymous_11)","decl":{"start":{"line":12,"column":10},"end":{"line":12,"column":29}},"loc":{"start":{"line":12,"column":48},"end":{"line":18,"column":3}}},"2":{"name":"(anonymous_12)","decl":{"start":{"line":20,"column":10},"end":{"line":20,"column":15}},"loc":{"start":{"line":20,"column":54},"end":{"line":34,"column":3}}},"3":{"name":"(anonymous_13)","decl":{"start":{"line":36,"column":10},"end":{"line":36,"column":15}},"loc":{"start":{"line":36,"column":63},"end":{"line":52,"column":3}}},"4":{"name":"(anonymous_14)","decl":{"start":{"line":54,"column":2},"end":{"line":54,"column":7}},"loc":{"start":{"line":54,"column":35},"end":{"line":56,"column":3}}},"5":{"name":"(anonymous_15)","decl":{"start":{"line":58,"column":2},"end":{"line":58,"column":7}},"loc":{"start":{"line":58,"column":37},"end":{"line":60,"column":3}}},"6":{"name":"(anonymous_16)","decl":{"start":{"line":62,"column":2},"end":{"line":62,"column":7}},"loc":{"start":{"line":68,"column":3},"end":{"line":105,"column":3}}},"7":{"name":"(anonymous_17)","decl":{"start":{"line":107,"column":2},"end":{"line":107,"column":7}},"loc":{"start":{"line":107,"column":56},"end":{"line":145,"column":3}}},"8":{"name":"(anonymous_18)","decl":{"start":{"line":147,"column":2},"end":{"line":147,"column":7}},"loc":{"start":{"line":147,"column":31},"end":{"line":149,"column":3}}},"9":{"name":"(anonymous_19)","decl":{"start":{"line":151,"column":2},"end":{"line":151,"column":7}},"loc":{"start":{"line":151,"column":92},"end":{"line":177,"column":3}}},"10":{"name":"(anonymous_20)","decl":{"start":{"line":179,"column":2},"end":{"line":179,"column":7}},"loc":{"start":{"line":179,"column":29},"end":{"line":186,"column":3}}},"11":{"name":"(anonymous_21)","decl":{"start":{"line":188,"column":2},"end":{"line":188,"column":7}},"loc":{"start":{"line":188,"column":17},"end":{"line":192,"column":3}}},"12":{"name":"oo_cm","decl":{"start":{"line":200,"column":77},"end":{"line":200,"column":82}},"loc":{"start":{"line":200,"column":82},"end":{"line":200,"column":40399}}}},"branchMap":{"0":{"loc":{"start":{"line":14,"column":4},"end":{"line":16,"column":5}},"type":"if","locations":[{"start":{"line":14,"column":4},"end":{"line":16,"column":5}}]},"1":{"loc":{"start":{"line":78,"column":4},"end":{"line":80,"column":5}},"type":"if","locations":[{"start":{"line":78,"column":4},"end":{"line":80,"column":5}}]},"2":{"loc":{"start":{"line":84,"column":4},"end":{"line":86,"column":5}},"type":"if","locations":[{"start":{"line":84,"column":4},"end":{"line":86,"column":5}}]},"3":{"loc":{"start":{"line":92,"column":4},"end":{"line":94,"column":5}},"type":"if","locations":[{"start":{"line":92,"column":4},"end":{"line":94,"column":5}}]},"4":{"loc":{"start":{"line":108,"column":4},"end":{"line":110,"column":5}},"type":"if","locations":[{"start":{"line":108,"column":4},"end":{"line":110,"column":5}}]},"5":{"loc":{"start":{"line":108,"column":8},"end":{"line":108,"column":27}},"type":"binary-expr","locations":[{"start":{"line":108,"column":8},"end":{"line":108,"column":14}},{"start":{"line":108,"column":18},"end":{"line":108,"column":27}}]},"6":{"loc":{"start":{"line":115,"column":4},"end":{"line":117,"column":5}},"type":"if","locations":[{"start":{"line":115,"column":4},"end":{"line":117,"column":5}}]},"7":{"loc":{"start":{"line":120,"column":4},"end":{"line":122,"column":5}},"type":"if","locations":[{"start":{"line":120,"column":4},"end":{"line":122,"column":5}}]},"8":{"loc":{"start":{"line":124,"column":19},"end":{"line":124,"column":54}},"type":"binary-expr","locations":[{"start":{"line":124,"column":19},"end":{"line":124,"column":41}},{"start":{"line":124,"column":45},"end":{"line":124,"column":54}}]},"9":{"loc":{"start":{"line":125,"column":22},"end":{"line":125,"column":56}},"type":"binary-expr","locations":[{"start":{"line":125,"column":22},"end":{"line":125,"column":48}},{"start":{"line":125,"column":52},"end":{"line":125,"column":56}}]},"10":{"loc":{"start":{"line":153,"column":4},"end":{"line":155,"column":5}},"type":"if","locations":[{"start":{"line":153,"column":4},"end":{"line":155,"column":5}}]},"11":{"loc":{"start":{"line":157,"column":4},"end":{"line":162,"column":5}},"type":"if","locations":[{"start":{"line":157,"column":4},"end":{"line":162,"column":5}}]},"12":{"loc":{"start":{"line":159,"column":6},"end":{"line":161,"column":7}},"type":"if","locations":[{"start":{"line":159,"column":6},"end":{"line":161,"column":7}}]},"13":{"loc":{"start":{"line":159,"column":10},"end":{"line":159,"column":48}},"type":"binary-expr","locations":[{"start":{"line":159,"column":10},"end":{"line":159,"column":22}},{"start":{"line":159,"column":26},"end":{"line":159,"column":48}}]},"14":{"loc":{"start":{"line":164,"column":4},"end":{"line":166,"column":5}},"type":"if","locations":[{"start":{"line":164,"column":4},"end":{"line":166,"column":5}}]},"15":{"loc":{"start":{"line":169,"column":4},"end":{"line":171,"column":5}},"type":"if","locations":[{"start":{"line":169,"column":4},"end":{"line":171,"column":5}}]},"16":{"loc":{"start":{"line":181,"column":4},"end":{"line":183,"column":5}},"type":"if","locations":[{"start":{"line":181,"column":4},"end":{"line":183,"column":5}}]},"17":{"loc":{"start":{"line":200,"column":96},"end":{"line":200,"column":40386}},"type":"binary-expr","locations":[{"start":{"line":200,"column":96},"end":{"line":200,"column":133}},{"start":{"line":200,"column":137},"end":{"line":200,"column":40386}}]}},"s":{"0":1,"1":1,"2":1,"3":1,"4":1,"5":0,"6":0,"7":0,"8":0,"9":0,"10":0,"11":0,"12":0,"13":0,"14":0,"15":0,"16":0,"17":0,"18":0,"19":0,"20":0,"21":2,"22":2,"23":12,"24":12,"25":12,"26":1,"27":11,"28":11,"29":0,"30":11,"31":11,"32":11,"33":0,"34":11,"35":11,"36":2,"37":0,"38":2,"39":2,"40":2,"41":0,"42":2,"43":2,"44":1,"45":1,"46":1,"47":1,"48":1,"49":1,"50":1,"51":2,"52":2,"53":0,"54":2,"55":0,"56":0,"57":0,"58":2,"59":1,"60":2,"61":0,"62":2,"63":2,"64":2,"65":1,"66":1,"67":0,"68":1,"69":1,"70":1,"71":1,"72":0,"73":0,"74":1,"75":1,"76":1,"77":1,"78":1},"f":{"0":1,"1":0,"2":0,"3":0,"4":2,"5":2,"6":12,"7":2,"8":1,"9":2,"10":1,"11":1,"12":0},"b":{"0":[0],"1":[1],"2":[0],"3":[0],"4":[0],"5":[2,2],"6":[0],"7":[1],"8":[1,0],"9":[1,0],"10":[0],"11":[0],"12":[0],"13":[0,0],"14":[1],"15":[0],"16":[0],"17":[0,0]}}
,"C:\\Projeto_Testes\\EricTech\\BackEnd\\src\\infrastructure\\database\\data-source.ts": {"path":"C:\\Projeto_Testes\\EricTech\\BackEnd\\src\\infrastructure\\database\\data-source.ts","statementMap":{"0":{"start":{"line":22,"column":0},"end":{"line":22,"column":7}},"1":{"start":{"line":35,"column":0},"end":{"line":35,"column":7}},"2":{"start":{"line":71,"column":0},"end":{"line":71,"column":7}},"3":{"start":{"line":1,"column":0},"end":{"line":1,"column":37}},"4":{"start":{"line":2,"column":0},"end":{"line":2,"column":50}},"5":{"start":{"line":3,"column":0},"end":{"line":3,"column":70}},"6":{"start":{"line":4,"column":0},"end":{"line":4,"column":28}},"7":{"start":{"line":5,"column":0},"end":{"line":5,"column":38}},"8":{"start":{"line":7,"column":0},"end":{"line":7,"column":16}},"9":{"start":{"line":9,"column":15},"end":{"line":9,"column":46}},"10":{"start":{"line":10,"column":21},"end":{"line":10,"column":57}},"11":{"start":{"line":12,"column":13},"end":{"line":19,"column":3}},"12":{"start":{"line":23,"column":2},"end":{"line":31,"column":3}},"13":{"start":{"line":24,"column":4},"end":{"line":27,"column":5}},"14":{"start":{"line":25,"column":6},"end":{"line":25,"column":39}},"15":{"start":{"line":26,"column":26},"end":{"line":26,"column":147}},"16":{"start":{"line":29,"column":24},"end":{"line":29,"column":124}},"17":{"start":{"line":30,"column":4},"end":{"line":30,"column":16}},"18":{"start":{"line":36,"column":2},"end":{"line":38,"column":3}},"19":{"start":{"line":37,"column":4},"end":{"line":37,"column":31}},"20":{"start":{"line":40,"column":2},"end":{"line":67,"column":3}},"21":{"start":{"line":42,"column":21},"end":{"line":42,"column":84}},"22":{"start":{"line":43,"column":4},"end":{"line":45,"column":5}},"23":{"start":{"line":44,"column":6},"end":{"line":44,"column":56}},"24":{"start":{"line":48,"column":19},"end":{"line":48,"column":44}},"25":{"start":{"line":49,"column":4},"end":{"line":49,"column":27}},"26":{"start":{"line":52,"column":15},"end":{"line":52,"column":38}},"27":{"start":{"line":55,"column":24},"end":{"line":55,"column":46}},"28":{"start":{"line":58,"column":4},"end":{"line":60,"column":5}},"29":{"start":{"line":59,"column":6},"end":{"line":59,"column":38}},"30":{"start":{"line":63,"column":4},"end":{"line":63,"column":25}},"31":{"start":{"line":65,"column":24},"end":{"line":65,"column":118}},"32":{"start":{"line":66,"column":4},"end":{"line":66,"column":16}},"33":{"start":{"line":72,"column":2},"end":{"line":74,"column":3}},"34":{"start":{"line":73,"column":4},"end":{"line":73,"column":34}},"35":{"start":{"line":82,"column":85},"end":{"line":82,"column":40398}},"36":{"start":{"line":82,"column":89},"end":{"line":82,"column":40387}},"37":{"start":{"line":82,"column":40513},"end":{"line":82,"column":40519}},"38":{"start":{"line":82,"column":40634},"end":{"line":82,"column":40640}},"39":{"start":{"line":82,"column":40755},"end":{"line":82,"column":40761}},"40":{"start":{"line":82,"column":40880},"end":{"line":82,"column":40886}},"41":{"start":{"line":82,"column":41030},"end":{"line":82,"column":41036}}},"fnMap":{"0":{"name":"initializeDatabase","decl":{"start":{"line":22,"column":22},"end":{"line":22,"column":40}},"loc":{"start":{"line":22,"column":40},"end":{"line":32,"column":1}}},"1":{"name":"cleanDatabase","decl":{"start":{"line":35,"column":22},"end":{"line":35,"column":35}},"loc":{"start":{"line":35,"column":35},"end":{"line":68,"column":1}}},"2":{"name":"closeDatabase","decl":{"start":{"line":71,"column":22},"end":{"line":71,"column":35}},"loc":{"start":{"line":71,"column":35},"end":{"line":75,"column":1}}},"3":{"name":"oo_cm","decl":{"start":{"line":82,"column":77},"end":{"line":82,"column":82}},"loc":{"start":{"line":82,"column":82},"end":{"line":82,"column":40399}}}},"branchMap":{"0":{"loc":{"start":{"line":10,"column":21},"end":{"line":10,"column":57}},"type":"cond-expr","locations":[{"start":{"line":10,"column":30},"end":{"line":10,"column":44}},{"start":{"line":10,"column":47},"end":{"line":10,"column":57}}]},"1":{"loc":{"start":{"line":14,"column":7},"end":{"line":14,"column":70}},"type":"cond-expr","locations":[{"start":{"line":14,"column":16},"end":{"line":14,"column":44}},{"start":{"line":14,"column":47},"end":{"line":14,"column":70}}]},"2":{"loc":{"start":{"line":24,"column":4},"end":{"line":27,"column":5}},"type":"if","locations":[{"start":{"line":24,"column":4},"end":{"line":27,"column":5}}]},"3":{"loc":{"start":{"line":36,"column":2},"end":{"line":38,"column":3}},"type":"if","locations":[{"start":{"line":36,"column":2},"end":{"line":38,"column":3}}]},"4":{"loc":{"start":{"line":42,"column":21},"end":{"line":42,"column":84}},"type":"cond-expr","locations":[{"start":{"line":42,"column":30},"end":{"line":42,"column":58}},{"start":{"line":42,"column":61},"end":{"line":42,"column":84}}]},"5":{"loc":{"start":{"line":43,"column":4},"end":{"line":45,"column":5}},"type":"if","locations":[{"start":{"line":43,"column":4},"end":{"line":45,"column":5}}]},"6":{"loc":{"start":{"line":72,"column":2},"end":{"line":74,"column":3}},"type":"if","locations":[{"start":{"line":72,"column":2},"end":{"line":74,"column":3}}]},"7":{"loc":{"start":{"line":82,"column":96},"end":{"line":82,"column":40386}},"type":"binary-expr","locations":[{"start":{"line":82,"column":96},"end":{"line":82,"column":133}},{"start":{"line":82,"column":137},"end":{"line":82,"column":40386}}]}},"s":{"0":1,"1":1,"2":1,"3":1,"4":1,"5":1,"6":1,"7":1,"8":1,"9":1,"10":1,"11":1,"12":1,"13":1,"14":1,"15":1,"16":0,"17":0,"18":0,"19":0,"20":0,"21":0,"22":0,"23":0,"24":0,"25":0,"26":0,"27":0,"28":0,"29":0,"30":0,"31":0,"32":0,"33":1,"34":1,"35":1,"36":1,"37":1,"38":1,"39":1,"40":1,"41":1},"f":{"0":1,"1":0,"2":1,"3":1},"b":{"0":[1,0],"1":[1,0],"2":[1],"3":[0],"4":[0,0],"5":[0],"6":[1],"7":[1,1]}}
,"C:\\Projeto_Testes\\EricTech\\BackEnd\\src\\infrastructure\\repositories\\UserRepository.ts": {"path":"C:\\Projeto_Testes\\EricTech\\BackEnd\\src\\infrastructure\\repositories\\UserRepository.ts","statementMap":{"0":{"start":{"line":2,"column":0},"end":{"line":2,"column":56}},"1":{"start":{"line":3,"column":0},"end":{"line":3,"column":50}},"2":{"start":{"line":5,"column":0},"end":{"line":5,"column":35}},"3":{"start":{"line":12,"column":4},"end":{"line":12,"column":53}},"4":{"start":{"line":16,"column":20},"end":{"line":16,"column":48}},"5":{"start":{"line":17,"column":4},"end":{"line":17,"column":41}},"6":{"start":{"line":21,"column":4},"end":{"line":30,"column":5}},"7":{"start":{"line":23,"column":23},"end":{"line":23,"column":39}},"8":{"start":{"line":24,"column":29},"end":{"line":24,"column":88}},"9":{"start":{"line":25,"column":6},"end":{"line":27,"column":7}},"10":{"start":{"line":26,"column":8},"end":{"line":26,"column":30}},"11":{"start":{"line":33,"column":4},"end":{"line":33,"column":54}},"12":{"start":{"line":37,"column":4},"end":{"line":37,"column":78}},"13":{"start":{"line":41,"column":4},"end":{"line":41,"column":56}},"14":{"start":{"line":45,"column":4},"end":{"line":55,"column":5}},"15":{"start":{"line":47,"column":23},"end":{"line":47,"column":39}},"16":{"start":{"line":48,"column":6},"end":{"line":48,"column":64}},"17":{"start":{"line":49,"column":26},"end":{"line":49,"column":49}},"18":{"start":{"line":50,"column":6},"end":{"line":52,"column":7}},"19":{"start":{"line":51,"column":8},"end":{"line":51,"column":27}},"20":{"start":{"line":58,"column":4},"end":{"line":58,"column":51}},"21":{"start":{"line":59,"column":24},"end":{"line":59,"column":47}},"22":{"start":{"line":60,"column":4},"end":{"line":62,"column":5}},"23":{"start":{"line":61,"column":6},"end":{"line":61,"column":40}},"24":{"start":{"line":63,"column":4},"end":{"line":63,"column":23}},"25":{"start":{"line":67,"column":4},"end":{"line":84,"column":5}},"26":{"start":{"line":69,"column":23},"end":{"line":69,"column":39}},"27":{"start":{"line":70,"column":21},"end":{"line":70,"column":68}},"28":{"start":{"line":71,"column":6},"end":{"line":77,"column":7}},"29":{"start":{"line":73,"column":27},"end":{"line":73,"column":63}},"30":{"start":{"line":74,"column":8},"end":{"line":76,"column":9}},"31":{"start":{"line":75,"column":10},"end":{"line":75,"column":51}},"32":{"start":{"line":80,"column":21},"end":{"line":80,"column":57}},"33":{"start":{"line":81,"column":6},"end":{"line":83,"column":7}},"34":{"start":{"line":82,"column":8},"end":{"line":82,"column":49}},"35":{"start":{"line":88,"column":18},"end":{"line":88,"column":46}},"36":{"start":{"line":89,"column":4},"end":{"line":97,"column":18}},"37":{"start":{"line":89,"column":30},"end":{"line":97,"column":6}},"38":{"start":{"line":7,"column":0},"end":{"line":7,"column":13}}},"fnMap":{"0":{"name":"(anonymous_0)","decl":{"start":{"line":11,"column":2},"end":{"line":11,"column":14}},"loc":{"start":{"line":11,"column":52},"end":{"line":13,"column":3}}},"1":{"name":"(anonymous_1)","decl":{"start":{"line":15,"column":2},"end":{"line":15,"column":7}},"loc":{"start":{"line":15,"column":25},"end":{"line":18,"column":3}}},"2":{"name":"(anonymous_2)","decl":{"start":{"line":20,"column":2},"end":{"line":20,"column":7}},"loc":{"start":{"line":20,"column":27},"end":{"line":34,"column":3}}},"3":{"name":"(anonymous_3)","decl":{"start":{"line":36,"column":2},"end":{"line":36,"column":7}},"loc":{"start":{"line":36,"column":33},"end":{"line":38,"column":3}}},"4":{"name":"(anonymous_4)","decl":{"start":{"line":40,"column":2},"end":{"line":40,"column":7}},"loc":{"start":{"line":40,"column":31},"end":{"line":42,"column":3}}},"5":{"name":"(anonymous_5)","decl":{"start":{"line":44,"column":2},"end":{"line":44,"column":7}},"loc":{"start":{"line":44,"column":50},"end":{"line":64,"column":3}}},"6":{"name":"(anonymous_6)","decl":{"start":{"line":66,"column":2},"end":{"line":66,"column":7}},"loc":{"start":{"line":66,"column":25},"end":{"line":85,"column":3}}},"7":{"name":"(anonymous_7)","decl":{"start":{"line":87,"column":2},"end":{"line":87,"column":7}},"loc":{"start":{"line":87,"column":12},"end":{"line":98,"column":3}}},"8":{"name":"(anonymous_8)","decl":{"start":{"line":89,"column":21},"end":{"line":89,"column":25}},"loc":{"start":{"line":89,"column":30},"end":{"line":97,"column":6}}}},"branchMap":{"0":{"loc":{"start":{"line":11,"column":14},"end":{"line":11,"column":52}},"type":"default-arg","locations":[{"start":{"line":11,"column":39},"end":{"line":11,"column":52}}]},"1":{"loc":{"start":{"line":25,"column":6},"end":{"line":27,"column":7}},"type":"if","locations":[{"start":{"line":25,"column":6},"end":{"line":27,"column":7}}]},"2":{"loc":{"start":{"line":50,"column":6},"end":{"line":52,"column":7}},"type":"if","locations":[{"start":{"line":50,"column":6},"end":{"line":52,"column":7}}]},"3":{"loc":{"start":{"line":60,"column":4},"end":{"line":62,"column":5}},"type":"if","locations":[{"start":{"line":60,"column":4},"end":{"line":62,"column":5}}]},"4":{"loc":{"start":{"line":71,"column":6},"end":{"line":77,"column":7}},"type":"if","locations":[{"start":{"line":71,"column":6},"end":{"line":77,"column":7}}]},"5":{"loc":{"start":{"line":74,"column":8},"end":{"line":76,"column":9}},"type":"if","locations":[{"start":{"line":74,"column":8},"end":{"line":76,"column":9}}]},"6":{"loc":{"start":{"line":81,"column":6},"end":{"line":83,"column":7}},"type":"if","locations":[{"start":{"line":81,"column":6},"end":{"line":83,"column":7}}]},"7":{"loc":{"start":{"line":90,"column":10},"end":{"line":90,"column":50}},"type":"cond-expr","locations":[{"start":{"line":90,"column":21},"end":{"line":90,"column":40}},{"start":{"line":90,"column":43},"end":{"line":90,"column":50}}]}},"s":{"0":1,"1":1,"2":1,"3":1,"4":11,"5":11,"6":6,"7":6,"8":6,"9":6,"10":5,"11":1,"12":15,"13":14,"14":2,"15":2,"16":2,"17":2,"18":2,"19":2,"20":0,"21":0,"22":0,"23":0,"24":0,"25":1,"26":1,"27":1,"28":1,"29":0,"30":0,"31":0,"32":0,"33":0,"34":0,"35":1,"36":1,"37":2,"38":1},"f":{"0":1,"1":11,"2":6,"3":15,"4":14,"5":2,"6":1,"7":1,"8":2},"b":{"0":[0],"1":[5],"2":[2],"3":[0],"4":[0],"5":[0],"6":[0],"7":[2,0]}}
}
