{"C:\\Projeto_Testes\\EricTech\\BackEnd\\src\\domain\\services\\UserService.ts": {"path":"C:\\Projeto_Testes\\EricTech\\BackEnd\\src\\domain\\services\\UserService.ts","statementMap":{"0":{"start":{"line":1,"column":0},"end":{"line":1,"column":41}},"1":{"start":{"line":2,"column":0},"end":{"line":2,"column":36}},"2":{"start":{"line":6,"column":0},"end":{"line":6,"column":25}},"3":{"start":{"line":7,"column":0},"end":{"line":7,"column":29}},"4":{"start":{"line":10,"column":22},"end":{"line":10,"column":53}},"5":{"start":{"line":14,"column":4},"end":{"line":16,"column":5}},"6":{"start":{"line":15,"column":6},"end":{"line":15,"column":44}},"7":{"start":{"line":17,"column":4},"end":{"line":17,"column":22}},"8":{"start":{"line":21,"column":4},"end":{"line":33,"column":5}},"9":{"start":{"line":23,"column":29},"end":{"line":23,"column":54}},"10":{"start":{"line":26,"column":26},"end":{"line":26,"column":68}},"11":{"start":{"line":29,"column":6},"end":{"line":29,"column":44}},"12":{"start":{"line":31,"column":6},"end":{"line":31,"column":68}},"13":{"start":{"line":32,"column":6},"end":{"line":32,"column":62}},"14":{"start":{"line":37,"column":4},"end":{"line":51,"column":5}},"15":{"start":{"line":39,"column":26},"end":{"line":39,"column":68}},"16":{"start":{"line":42,"column":27},"end":{"line":42,"column":57}},"17":{"start":{"line":45,"column":6},"end":{"line":45,"column":47}},"18":{"start":{"line":47,"column":6},"end":{"line":47,"column":26}},"19":{"start":{"line":49,"column":6},"end":{"line":49,"column":56}},"20":{"start":{"line":50,"column":6},"end":{"line":50,"column":50}},"21":{"start":{"line":55,"column":4},"end":{"line":55,"column":62}},"22":{"start":{"line":59,"column":4},"end":{"line":59,"column":64}},"23":{"start":{"line":70,"column":28},"end":{"line":73,"column":null}},"24":{"start":{"line":77,"column":31},"end":{"line":77,"column":92}},"25":{"start":{"line":78,"column":4},"end":{"line":80,"column":5}},"26":{"start":{"line":79,"column":6},"end":{"line":79,"column":52}},"27":{"start":{"line":83,"column":32},"end":{"line":83,"column":95}},"28":{"start":{"line":84,"column":4},"end":{"line":86,"column":5}},"29":{"start":{"line":85,"column":6},"end":{"line":85,"column":52}},"30":{"start":{"line":88,"column":27},"end":{"line":88,"column":69}},"31":{"start":{"line":91,"column":22},"end":{"line":91,"column":31}},"32":{"start":{"line":92,"column":4},"end":{"line":94,"column":5}},"33":{"start":{"line":93,"column":6},"end":{"line":93,"column":78}},"34":{"start":{"line":96,"column":17},"end":{"line":102,"column":14}},"35":{"start":{"line":104,"column":4},"end":{"line":104,"column":16}},"36":{"start":{"line":108,"column":4},"end":{"line":110,"column":5}},"37":{"start":{"line":109,"column":6},"end":{"line":109,"column":56}},"38":{"start":{"line":113,"column":28},"end":{"line":113,"column":47}},"39":{"start":{"line":114,"column":17},"end":{"line":114,"column":71}},"40":{"start":{"line":115,"column":4},"end":{"line":117,"column":5}},"41":{"start":{"line":116,"column":6},"end":{"line":116,"column":46}},"42":{"start":{"line":119,"column":26},"end":{"line":119,"column":64}},"43":{"start":{"line":120,"column":4},"end":{"line":122,"column":5}},"44":{"start":{"line":121,"column":6},"end":{"line":121,"column":41}},"45":{"start":{"line":124,"column":19},"end":{"line":124,"column":54}},"46":{"start":{"line":125,"column":22},"end":{"line":125,"column":56}},"47":{"start":{"line":127,"column":18},"end":{"line":130,"column":null}},"48":{"start":{"line":134,"column":25},"end":{"line":142,"column":6}},"49":{"start":{"line":144,"column":4},"end":{"line":144,"column":49}},"50":{"start":{"line":148,"column":4},"end":{"line":148,"column":44}},"51":{"start":{"line":152,"column":17},"end":{"line":152,"column":55}},"52":{"start":{"line":153,"column":4},"end":{"line":155,"column":5}},"53":{"start":{"line":154,"column":6},"end":{"line":154,"column":40}},"54":{"start":{"line":157,"column":4},"end":{"line":162,"column":5}},"55":{"start":{"line":158,"column":27},"end":{"line":158,"column":80}},"56":{"start":{"line":159,"column":6},"end":{"line":161,"column":7}},"57":{"start":{"line":160,"column":8},"end":{"line":160,"column":48}},"58":{"start":{"line":164,"column":4},"end":{"line":166,"column":5}},"59":{"start":{"line":165,"column":6},"end":{"line":165,"column":59}},"60":{"start":{"line":169,"column":4},"end":{"line":171,"column":5}},"61":{"start":{"line":170,"column":6},"end":{"line":170,"column":74}},"62":{"start":{"line":174,"column":47},"end":{"line":174,"column":55}},"63":{"start":{"line":174,"column":42},"end":{"line":174,"column":47}},"64":{"start":{"line":176,"column":4},"end":{"line":176,"column":60}},"65":{"start":{"line":180,"column":17},"end":{"line":180,"column":55}},"66":{"start":{"line":181,"column":4},"end":{"line":183,"column":5}},"67":{"start":{"line":182,"column":6},"end":{"line":182,"column":40}},"68":{"start":{"line":185,"column":4},"end":{"line":185,"column":41}},"69":{"start":{"line":189,"column":18},"end":{"line":189,"column":50}},"70":{"start":{"line":191,"column":4},"end":{"line":191,"column":17}},"71":{"start":{"line":9,"column":0},"end":{"line":9,"column":13}}},"fnMap":{"0":{"name":"(anonymous_10)","decl":{"start":{"line":10,"column":2},"end":{"line":10,"column":22}},"loc":{"start":{"line":10,"column":53},"end":{"line":10,"column":57}}},"1":{"name":"(anonymous_11)","decl":{"start":{"line":12,"column":10},"end":{"line":12,"column":29}},"loc":{"start":{"line":12,"column":48},"end":{"line":18,"column":3}}},"2":{"name":"(anonymous_12)","decl":{"start":{"line":20,"column":10},"end":{"line":20,"column":15}},"loc":{"start":{"line":20,"column":54},"end":{"line":34,"column":3}}},"3":{"name":"(anonymous_13)","decl":{"start":{"line":36,"column":10},"end":{"line":36,"column":15}},"loc":{"start":{"line":36,"column":63},"end":{"line":52,"column":3}}},"4":{"name":"(anonymous_14)","decl":{"start":{"line":54,"column":2},"end":{"line":54,"column":7}},"loc":{"start":{"line":54,"column":35},"end":{"line":56,"column":3}}},"5":{"name":"(anonymous_15)","decl":{"start":{"line":58,"column":2},"end":{"line":58,"column":7}},"loc":{"start":{"line":58,"column":37},"end":{"line":60,"column":3}}},"6":{"name":"(anonymous_16)","decl":{"start":{"line":62,"column":2},"end":{"line":62,"column":7}},"loc":{"start":{"line":68,"column":3},"end":{"line":105,"column":3}}},"7":{"name":"(anonymous_17)","decl":{"start":{"line":107,"column":2},"end":{"line":107,"column":7}},"loc":{"start":{"line":107,"column":56},"end":{"line":145,"column":3}}},"8":{"name":"(anonymous_18)","decl":{"start":{"line":147,"column":2},"end":{"line":147,"column":7}},"loc":{"start":{"line":147,"column":31},"end":{"line":149,"column":3}}},"9":{"name":"(anonymous_19)","decl":{"start":{"line":151,"column":2},"end":{"line":151,"column":7}},"loc":{"start":{"line":151,"column":92},"end":{"line":177,"column":3}}},"10":{"name":"(anonymous_20)","decl":{"start":{"line":179,"column":2},"end":{"line":179,"column":7}},"loc":{"start":{"line":179,"column":29},"end":{"line":186,"column":3}}},"11":{"name":"(anonymous_21)","decl":{"start":{"line":188,"column":2},"end":{"line":188,"column":7}},"loc":{"start":{"line":188,"column":17},"end":{"line":192,"column":3}}}},"branchMap":{"0":{"loc":{"start":{"line":14,"column":4},"end":{"line":16,"column":5}},"type":"if","locations":[{"start":{"line":14,"column":4},"end":{"line":16,"column":5}}]},"1":{"loc":{"start":{"line":78,"column":4},"end":{"line":80,"column":5}},"type":"if","locations":[{"start":{"line":78,"column":4},"end":{"line":80,"column":5}}]},"2":{"loc":{"start":{"line":84,"column":4},"end":{"line":86,"column":5}},"type":"if","locations":[{"start":{"line":84,"column":4},"end":{"line":86,"column":5}}]},"3":{"loc":{"start":{"line":92,"column":4},"end":{"line":94,"column":5}},"type":"if","locations":[{"start":{"line":92,"column":4},"end":{"line":94,"column":5}}]},"4":{"loc":{"start":{"line":108,"column":4},"end":{"line":110,"column":5}},"type":"if","locations":[{"start":{"line":108,"column":4},"end":{"line":110,"column":5}}]},"5":{"loc":{"start":{"line":108,"column":8},"end":{"line":108,"column":27}},"type":"binary-expr","locations":[{"start":{"line":108,"column":8},"end":{"line":108,"column":14}},{"start":{"line":108,"column":18},"end":{"line":108,"column":27}}]},"6":{"loc":{"start":{"line":115,"column":4},"end":{"line":117,"column":5}},"type":"if","locations":[{"start":{"line":115,"column":4},"end":{"line":117,"column":5}}]},"7":{"loc":{"start":{"line":120,"column":4},"end":{"line":122,"column":5}},"type":"if","locations":[{"start":{"line":120,"column":4},"end":{"line":122,"column":5}}]},"8":{"loc":{"start":{"line":124,"column":19},"end":{"line":124,"column":54}},"type":"binary-expr","locations":[{"start":{"line":124,"column":19},"end":{"line":124,"column":41}},{"start":{"line":124,"column":45},"end":{"line":124,"column":54}}]},"9":{"loc":{"start":{"line":125,"column":22},"end":{"line":125,"column":56}},"type":"binary-expr","locations":[{"start":{"line":125,"column":22},"end":{"line":125,"column":48}},{"start":{"line":125,"column":52},"end":{"line":125,"column":56}}]},"10":{"loc":{"start":{"line":153,"column":4},"end":{"line":155,"column":5}},"type":"if","locations":[{"start":{"line":153,"column":4},"end":{"line":155,"column":5}}]},"11":{"loc":{"start":{"line":157,"column":4},"end":{"line":162,"column":5}},"type":"if","locations":[{"start":{"line":157,"column":4},"end":{"line":162,"column":5}}]},"12":{"loc":{"start":{"line":159,"column":6},"end":{"line":161,"column":7}},"type":"if","locations":[{"start":{"line":159,"column":6},"end":{"line":161,"column":7}}]},"13":{"loc":{"start":{"line":159,"column":10},"end":{"line":159,"column":48}},"type":"binary-expr","locations":[{"start":{"line":159,"column":10},"end":{"line":159,"column":22}},{"start":{"line":159,"column":26},"end":{"line":159,"column":48}}]},"14":{"loc":{"start":{"line":164,"column":4},"end":{"line":166,"column":5}},"type":"if","locations":[{"start":{"line":164,"column":4},"end":{"line":166,"column":5}}]},"15":{"loc":{"start":{"line":169,"column":4},"end":{"line":171,"column":5}},"type":"if","locations":[{"start":{"line":169,"column":4},"end":{"line":171,"column":5}}]},"16":{"loc":{"start":{"line":181,"column":4},"end":{"line":183,"column":5}},"type":"if","locations":[{"start":{"line":181,"column":4},"end":{"line":183,"column":5}}]}},"s":{"0":1,"1":1,"2":1,"3":1,"4":21,"5":0,"6":0,"7":0,"8":0,"9":0,"10":0,"11":0,"12":0,"13":0,"14":0,"15":0,"16":0,"17":0,"18":0,"19":0,"20":0,"21":3,"22":3,"23":3,"24":3,"25":3,"26":1,"27":2,"28":2,"29":1,"30":1,"31":1,"32":1,"33":0,"34":1,"35":1,"36":2,"37":0,"38":2,"39":2,"40":2,"41":1,"42":1,"43":1,"44":0,"45":1,"46":1,"47":1,"48":1,"49":1,"50":2,"51":4,"52":4,"53":1,"54":3,"55":1,"56":1,"57":1,"58":2,"59":1,"60":2,"61":0,"62":2,"63":2,"64":2,"65":2,"66":2,"67":1,"68":1,"69":2,"70":2,"71":1},"f":{"0":21,"1":0,"2":0,"3":0,"4":3,"5":3,"6":3,"7":2,"8":2,"9":4,"10":2,"11":2},"b":{"0":[0],"1":[1],"2":[1],"3":[0],"4":[0],"5":[2,2],"6":[1],"7":[0],"8":[1,1],"9":[1,1],"10":[1],"11":[1],"12":[1],"13":[1,1],"14":[1],"15":[0],"16":[1]}}
}
