TN:
SF:src\domain\entities\Cryptocurrency.ts
FNF:0
FNH:0
DA:1,1
DA:4,1
DA:6,1
DA:9,1
DA:12,1
DA:15,1
DA:18,1
DA:21,1
DA:24,1
DA:27,1
DA:30,1
LF:11
LH:11
BRF:0
BRH:0
end_of_record
TN:
SF:src\domain\entities\User.ts
FNF:0
FNH:0
DA:1,1
DA:4,1
DA:6,1
DA:8,1
DA:11,1
DA:14,1
DA:17,1
DA:20,1
DA:23,1
DA:26,1
DA:29,1
LF:11
LH:11
BRF:0
BRH:0
end_of_record
TN:
SF:src\domain\services\UserService.ts
FN:10,(anonymous_10)
FN:12,(anonymous_11)
FN:20,(anonymous_12)
FN:36,(anonymous_13)
FN:54,(anonymous_14)
FN:58,(anonymous_15)
FN:62,(anonymous_16)
FN:107,(anonymous_17)
FN:147,(anonymous_18)
FN:151,(anonymous_19)
FN:179,(anonymous_20)
FN:188,(anonymous_21)
FN:200,oo_cm
FNF:13
FNH:9
FNDA:1,(anonymous_10)
FNDA:0,(anonymous_11)
FNDA:0,(anonymous_12)
FNDA:0,(anonymous_13)
FNDA:2,(anonymous_14)
FNDA:2,(anonymous_15)
FNDA:12,(anonymous_16)
FNDA:2,(anonymous_17)
FNDA:1,(anonymous_18)
FNDA:2,(anonymous_19)
FNDA:1,(anonymous_20)
FNDA:1,(anonymous_21)
FNDA:0,oo_cm
DA:1,1
DA:2,1
DA:6,1
DA:7,1
DA:9,1
DA:10,1
DA:14,0
DA:15,0
DA:17,0
DA:21,0
DA:23,0
DA:26,0
DA:29,0
DA:31,0
DA:32,0
DA:37,0
DA:39,0
DA:42,0
DA:45,0
DA:47,0
DA:49,0
DA:50,0
DA:55,2
DA:59,2
DA:70,12
DA:77,12
DA:78,12
DA:79,1
DA:83,11
DA:84,11
DA:85,0
DA:88,11
DA:91,11
DA:92,11
DA:93,0
DA:96,11
DA:104,11
DA:108,2
DA:109,0
DA:113,2
DA:114,2
DA:115,2
DA:116,0
DA:119,2
DA:120,2
DA:121,1
DA:124,1
DA:125,1
DA:127,1
DA:134,1
DA:144,1
DA:148,1
DA:152,2
DA:153,2
DA:154,0
DA:157,2
DA:158,0
DA:159,0
DA:160,0
DA:164,2
DA:165,1
DA:169,2
DA:170,0
DA:174,2
DA:176,2
DA:180,1
DA:181,1
DA:182,0
DA:185,1
DA:189,1
DA:191,1
DA:200,1
LF:72
LH:46
BRDA:14,0,0,0
BRDA:78,1,0,1
BRDA:84,2,0,0
BRDA:92,3,0,0
BRDA:108,4,0,0
BRDA:108,5,0,2
BRDA:108,5,1,2
BRDA:115,6,0,0
BRDA:120,7,0,1
BRDA:124,8,0,1
BRDA:124,8,1,0
BRDA:125,9,0,1
BRDA:125,9,1,0
BRDA:153,10,0,0
BRDA:157,11,0,0
BRDA:159,12,0,0
BRDA:159,13,0,0
BRDA:159,13,1,0
BRDA:164,14,0,1
BRDA:169,15,0,0
BRDA:181,16,0,0
BRDA:200,17,0,0
BRDA:200,17,1,0
BRF:23
BRH:7
end_of_record
TN:
SF:src\infrastructure\database\data-source.ts
FN:22,initializeDatabase
FN:35,cleanDatabase
FN:71,closeDatabase
FN:82,oo_cm
FNF:4
FNH:3
FNDA:1,initializeDatabase
FNDA:0,cleanDatabase
FNDA:1,closeDatabase
FNDA:1,oo_cm
DA:1,1
DA:2,1
DA:3,1
DA:4,1
DA:5,1
DA:7,1
DA:9,1
DA:10,1
DA:12,1
DA:22,1
DA:23,1
DA:24,1
DA:25,1
DA:26,1
DA:29,0
DA:30,0
DA:35,1
DA:36,0
DA:37,0
DA:40,0
DA:42,0
DA:43,0
DA:44,0
DA:48,0
DA:49,0
DA:52,0
DA:55,0
DA:58,0
DA:59,0
DA:63,0
DA:65,0
DA:66,0
DA:71,1
DA:72,1
DA:73,1
DA:82,1
LF:36
LH:19
BRDA:10,0,0,1
BRDA:10,0,1,0
BRDA:14,1,0,1
BRDA:14,1,1,0
BRDA:24,2,0,1
BRDA:36,3,0,0
BRDA:42,4,0,0
BRDA:42,4,1,0
BRDA:43,5,0,0
BRDA:72,6,0,1
BRDA:82,7,0,1
BRDA:82,7,1,1
BRF:12
BRH:6
end_of_record
TN:
SF:src\infrastructure\repositories\UserRepository.ts
FN:11,(anonymous_0)
FN:15,(anonymous_1)
FN:20,(anonymous_2)
FN:36,(anonymous_3)
FN:40,(anonymous_4)
FN:44,(anonymous_5)
FN:66,(anonymous_6)
FN:87,(anonymous_7)
FN:89,(anonymous_8)
FNF:9
FNH:9
FNDA:1,(anonymous_0)
FNDA:11,(anonymous_1)
FNDA:6,(anonymous_2)
FNDA:15,(anonymous_3)
FNDA:14,(anonymous_4)
FNDA:2,(anonymous_5)
FNDA:1,(anonymous_6)
FNDA:1,(anonymous_7)
FNDA:2,(anonymous_8)
DA:2,1
DA:3,1
DA:5,1
DA:7,1
DA:12,1
DA:16,11
DA:17,11
DA:21,6
DA:23,6
DA:24,6
DA:25,6
DA:26,5
DA:33,1
DA:37,15
DA:41,14
DA:45,2
DA:47,2
DA:48,2
DA:49,2
DA:50,2
DA:51,2
DA:58,0
DA:59,0
DA:60,0
DA:61,0
DA:63,0
DA:67,1
DA:69,1
DA:70,1
DA:71,1
DA:73,0
DA:74,0
DA:75,0
DA:80,0
DA:81,0
DA:82,0
DA:88,1
DA:89,2
LF:38
LH:27
BRDA:11,0,0,0
BRDA:25,1,0,5
BRDA:50,2,0,2
BRDA:60,3,0,0
BRDA:71,4,0,0
BRDA:74,5,0,0
BRDA:81,6,0,0
BRDA:90,7,0,2
BRDA:90,7,1,0
BRF:9
BRH:3
end_of_record
