TN:
SF:src\domain\services\UserService.ts
FN:10,(anonymous_10)
FN:12,(anonymous_11)
FN:20,(anonymous_12)
FN:36,(anonymous_13)
FN:54,(anonymous_14)
FN:58,(anonymous_15)
FN:62,(anonymous_16)
FN:107,(anonymous_17)
FN:147,(anonymous_18)
FN:151,(anonymous_19)
FN:179,(anonymous_20)
FN:188,(anonymous_21)
FNF:12
FNH:9
FNDA:21,(anonymous_10)
FNDA:0,(anonymous_11)
FNDA:0,(anonymous_12)
FNDA:0,(anonymous_13)
FNDA:3,(anonymous_14)
FNDA:3,(anonymous_15)
FNDA:3,(anonymous_16)
FNDA:2,(anonymous_17)
FNDA:2,(anonymous_18)
FNDA:4,(anonymous_19)
FNDA:2,(anonymous_20)
FNDA:2,(anonymous_21)
DA:1,1
DA:2,1
DA:6,1
DA:7,1
DA:9,1
DA:10,21
DA:14,0
DA:15,0
DA:17,0
DA:21,0
DA:23,0
DA:26,0
DA:29,0
DA:31,0
DA:32,0
DA:37,0
DA:39,0
DA:42,0
DA:45,0
DA:47,0
DA:49,0
DA:50,0
DA:55,3
DA:59,3
DA:70,3
DA:77,3
DA:78,3
DA:79,1
DA:83,2
DA:84,2
DA:85,1
DA:88,1
DA:91,1
DA:92,1
DA:93,0
DA:96,1
DA:104,1
DA:108,2
DA:109,0
DA:113,2
DA:114,2
DA:115,2
DA:116,1
DA:119,1
DA:120,1
DA:121,0
DA:124,1
DA:125,1
DA:127,1
DA:134,1
DA:144,1
DA:148,2
DA:152,4
DA:153,4
DA:154,1
DA:157,3
DA:158,1
DA:159,1
DA:160,1
DA:164,2
DA:165,1
DA:169,2
DA:170,0
DA:174,2
DA:176,2
DA:180,2
DA:181,2
DA:182,1
DA:185,1
DA:189,2
DA:191,2
LF:71
LH:51
BRDA:14,0,0,0
BRDA:78,1,0,1
BRDA:84,2,0,1
BRDA:92,3,0,0
BRDA:108,4,0,0
BRDA:108,5,0,2
BRDA:108,5,1,2
BRDA:115,6,0,1
BRDA:120,7,0,0
BRDA:124,8,0,1
BRDA:124,8,1,1
BRDA:125,9,0,1
BRDA:125,9,1,1
BRDA:153,10,0,1
BRDA:157,11,0,1
BRDA:159,12,0,1
BRDA:159,13,0,1
BRDA:159,13,1,1
BRDA:164,14,0,1
BRDA:169,15,0,0
BRDA:181,16,0,1
BRF:21
BRH:16
end_of_record
